{"C:\\Users\\Allen\\Desktop\\A-card\\controllers\\crudAction.js": {"path":"C:\\Users\\Allen\\Desktop\\A-card\\controllers\\crudAction.js","statementMap":{"0":{"start":{"line":1,"column":19},"end":{"line":1,"column":51}},"1":{"start":{"line":2,"column":17},"end":{"line":2,"column":47}},"2":{"start":{"line":3,"column":20},"end":{"line":3,"column":53}},"3":{"start":{"line":4,"column":23},"end":{"line":4,"column":50}},"4":{"start":{"line":12,"column":0},"end":{"line":24,"column":5}},"5":{"start":{"line":13,"column":2},"end":{"line":24,"column":4}},"6":{"start":{"line":14,"column":16},"end":{"line":14,"column":60}},"7":{"start":{"line":16,"column":4},"end":{"line":18,"column":5}},"8":{"start":{"line":17,"column":6},"end":{"line":17,"column":71}},"9":{"start":{"line":20,"column":4},"end":{"line":23,"column":7}},"10":{"start":{"line":26,"column":0},"end":{"line":43,"column":5}},"11":{"start":{"line":27,"column":2},"end":{"line":43,"column":4}},"12":{"start":{"line":28,"column":16},"end":{"line":31,"column":6}},"13":{"start":{"line":33,"column":4},"end":{"line":35,"column":5}},"14":{"start":{"line":34,"column":6},"end":{"line":34,"column":71}},"15":{"start":{"line":37,"column":4},"end":{"line":42,"column":7}},"16":{"start":{"line":45,"column":0},"end":{"line":56,"column":5}},"17":{"start":{"line":46,"column":2},"end":{"line":56,"column":4}},"18":{"start":{"line":47,"column":4},"end":{"line":47,"column":26}},"19":{"start":{"line":48,"column":16},"end":{"line":48,"column":44}},"20":{"start":{"line":50,"column":4},"end":{"line":55,"column":7}},"21":{"start":{"line":58,"column":0},"end":{"line":76,"column":5}},"22":{"start":{"line":59,"column":2},"end":{"line":76,"column":4}},"23":{"start":{"line":60,"column":16},"end":{"line":60,"column":45}},"24":{"start":{"line":61,"column":4},"end":{"line":61,"column":55}},"25":{"start":{"line":61,"column":20},"end":{"line":61,"column":55}},"26":{"start":{"line":63,"column":16},"end":{"line":63,"column":64}},"27":{"start":{"line":66,"column":4},"end":{"line":68,"column":5}},"28":{"start":{"line":67,"column":6},"end":{"line":67,"column":71}},"29":{"start":{"line":70,"column":4},"end":{"line":75,"column":7}},"30":{"start":{"line":78,"column":0},"end":{"line":104,"column":5}},"31":{"start":{"line":79,"column":2},"end":{"line":104,"column":4}},"32":{"start":{"line":81,"column":17},"end":{"line":81,"column":19}},"33":{"start":{"line":82,"column":4},"end":{"line":82,"column":64}},"34":{"start":{"line":82,"column":27},"end":{"line":82,"column":64}},"35":{"start":{"line":84,"column":21},"end":{"line":88,"column":17}},"36":{"start":{"line":90,"column":4},"end":{"line":90,"column":73}},"37":{"start":{"line":90,"column":20},"end":{"line":90,"column":73}},"38":{"start":{"line":93,"column":16},"end":{"line":93,"column":73}},"39":{"start":{"line":97,"column":4},"end":{"line":103,"column":7}},"40":{"start":{"line":106,"column":22},"end":{"line":116,"column":1}},"41":{"start":{"line":107,"column":2},"end":{"line":115,"column":5}},"42":{"start":{"line":108,"column":4},"end":{"line":114,"column":7}},"43":{"start":{"line":109,"column":6},"end":{"line":109,"column":46}},"44":{"start":{"line":109,"column":17},"end":{"line":109,"column":46}},"45":{"start":{"line":110,"column":6},"end":{"line":110,"column":57}},"46":{"start":{"line":110,"column":24},"end":{"line":110,"column":57}},"47":{"start":{"line":111,"column":22},"end":{"line":111,"column":30}},"48":{"start":{"line":112,"column":6},"end":{"line":112,"column":72}},"49":{"start":{"line":113,"column":6},"end":{"line":113,"column":23}}},"fnMap":{"0":{"name":"(anonymous_0)","decl":{"start":{"line":12,"column":20},"end":{"line":12,"column":21}},"loc":{"start":{"line":13,"column":2},"end":{"line":24,"column":4}},"line":13},"1":{"name":"(anonymous_1)","decl":{"start":{"line":13,"column":13},"end":{"line":13,"column":14}},"loc":{"start":{"line":13,"column":39},"end":{"line":24,"column":3}},"line":13},"2":{"name":"(anonymous_2)","decl":{"start":{"line":26,"column":20},"end":{"line":26,"column":21}},"loc":{"start":{"line":27,"column":2},"end":{"line":43,"column":4}},"line":27},"3":{"name":"(anonymous_3)","decl":{"start":{"line":27,"column":13},"end":{"line":27,"column":14}},"loc":{"start":{"line":27,"column":39},"end":{"line":43,"column":3}},"line":27},"4":{"name":"(anonymous_4)","decl":{"start":{"line":45,"column":20},"end":{"line":45,"column":21}},"loc":{"start":{"line":46,"column":2},"end":{"line":56,"column":4}},"line":46},"5":{"name":"(anonymous_5)","decl":{"start":{"line":46,"column":13},"end":{"line":46,"column":14}},"loc":{"start":{"line":46,"column":39},"end":{"line":56,"column":3}},"line":46},"6":{"name":"(anonymous_6)","decl":{"start":{"line":58,"column":17},"end":{"line":58,"column":18}},"loc":{"start":{"line":59,"column":2},"end":{"line":76,"column":4}},"line":59},"7":{"name":"(anonymous_7)","decl":{"start":{"line":59,"column":13},"end":{"line":59,"column":14}},"loc":{"start":{"line":59,"column":39},"end":{"line":76,"column":3}},"line":59},"8":{"name":"(anonymous_8)","decl":{"start":{"line":78,"column":17},"end":{"line":78,"column":18}},"loc":{"start":{"line":79,"column":2},"end":{"line":104,"column":4}},"line":79},"9":{"name":"(anonymous_9)","decl":{"start":{"line":79,"column":13},"end":{"line":79,"column":14}},"loc":{"start":{"line":79,"column":39},"end":{"line":104,"column":3}},"line":79},"10":{"name":"(anonymous_10)","decl":{"start":{"line":106,"column":22},"end":{"line":106,"column":23}},"loc":{"start":{"line":106,"column":35},"end":{"line":116,"column":1}},"line":106},"11":{"name":"(anonymous_11)","decl":{"start":{"line":107,"column":21},"end":{"line":107,"column":22}},"loc":{"start":{"line":107,"column":42},"end":{"line":115,"column":3}},"line":107},"12":{"name":"(anonymous_12)","decl":{"start":{"line":108,"column":13},"end":{"line":108,"column":14}},"loc":{"start":{"line":108,"column":36},"end":{"line":114,"column":5}},"line":108}},"branchMap":{"0":{"loc":{"start":{"line":16,"column":4},"end":{"line":18,"column":5}},"type":"if","locations":[{"start":{"line":16,"column":4},"end":{"line":18,"column":5}},{"start":{},"end":{}}],"line":16},"1":{"loc":{"start":{"line":33,"column":4},"end":{"line":35,"column":5}},"type":"if","locations":[{"start":{"line":33,"column":4},"end":{"line":35,"column":5}},{"start":{},"end":{}}],"line":33},"2":{"loc":{"start":{"line":61,"column":4},"end":{"line":61,"column":55}},"type":"if","locations":[{"start":{"line":61,"column":4},"end":{"line":61,"column":55}},{"start":{},"end":{}}],"line":61},"3":{"loc":{"start":{"line":66,"column":4},"end":{"line":68,"column":5}},"type":"if","locations":[{"start":{"line":66,"column":4},"end":{"line":68,"column":5}},{"start":{},"end":{}}],"line":66},"4":{"loc":{"start":{"line":82,"column":4},"end":{"line":82,"column":64}},"type":"if","locations":[{"start":{"line":82,"column":4},"end":{"line":82,"column":64}},{"start":{},"end":{}}],"line":82},"5":{"loc":{"start":{"line":90,"column":4},"end":{"line":90,"column":73}},"type":"if","locations":[{"start":{"line":90,"column":4},"end":{"line":90,"column":73}},{"start":{},"end":{}}],"line":90},"6":{"loc":{"start":{"line":109,"column":6},"end":{"line":109,"column":46}},"type":"if","locations":[{"start":{"line":109,"column":6},"end":{"line":109,"column":46}},{"start":{},"end":{}}],"line":109},"7":{"loc":{"start":{"line":110,"column":6},"end":{"line":110,"column":57}},"type":"if","locations":[{"start":{"line":110,"column":6},"end":{"line":110,"column":57}},{"start":{},"end":{}}],"line":110}},"s":{"0":1,"1":1,"2":1,"3":1,"4":1,"5":0,"6":0,"7":0,"8":0,"9":0,"10":1,"11":0,"12":0,"13":0,"14":0,"15":0,"16":1,"17":0,"18":0,"19":0,"20":0,"21":1,"22":0,"23":0,"24":0,"25":0,"26":0,"27":0,"28":0,"29":0,"30":1,"31":0,"32":0,"33":0,"34":0,"35":0,"36":0,"37":0,"38":0,"39":0,"40":1,"41":0,"42":0,"43":0,"44":0,"45":0,"46":0,"47":0,"48":0,"49":0},"f":{"0":0,"1":0,"2":0,"3":0,"4":0,"5":0,"6":0,"7":0,"8":0,"9":0,"10":0,"11":0,"12":0},"b":{"0":[0,0],"1":[0,0],"2":[0,0],"3":[0,0],"4":[0,0],"5":[0,0],"6":[0,0],"7":[0,0]},"_coverageSchema":"1a1c01bbd47fc00a2c39e90264f33305004495a9","hash":"4d167614fbd0b34037a0e0b984efa110509cc4df"}
,"C:\\Users\\Allen\\Desktop\\A-card\\utils\\apiFeatures.js": {"path":"C:\\Users\\Allen\\Desktop\\A-card\\utils\\apiFeatures.js","statementMap":{"0":{"start":{"line":3,"column":4},"end":{"line":3,"column":23}},"1":{"start":{"line":4,"column":4},"end":{"line":4,"column":35}},"2":{"start":{"line":8,"column":21},"end":{"line":8,"column":44}},"3":{"start":{"line":9,"column":27},"end":{"line":9,"column":62}},"4":{"start":{"line":10,"column":4},"end":{"line":10,"column":56}},"5":{"start":{"line":10,"column":35},"end":{"line":10,"column":54}},"6":{"start":{"line":13,"column":19},"end":{"line":13,"column":43}},"7":{"start":{"line":14,"column":4},"end":{"line":14,"column":80}},"8":{"start":{"line":14,"column":67},"end":{"line":14,"column":78}},"9":{"start":{"line":16,"column":4},"end":{"line":16,"column":55}},"10":{"start":{"line":18,"column":4},"end":{"line":18,"column":16}},"11":{"start":{"line":22,"column":4},"end":{"line":27,"column":5}},"12":{"start":{"line":23,"column":21},"end":{"line":23,"column":63}},"13":{"start":{"line":24,"column":6},"end":{"line":24,"column":43}},"14":{"start":{"line":26,"column":6},"end":{"line":26,"column":49}},"15":{"start":{"line":29,"column":4},"end":{"line":29,"column":16}},"16":{"start":{"line":33,"column":4},"end":{"line":38,"column":5}},"17":{"start":{"line":34,"column":21},"end":{"line":34,"column":65}},"18":{"start":{"line":35,"column":6},"end":{"line":35,"column":45}},"19":{"start":{"line":37,"column":6},"end":{"line":37,"column":45}},"20":{"start":{"line":40,"column":4},"end":{"line":40,"column":16}},"21":{"start":{"line":44,"column":17},"end":{"line":44,"column":47}},"22":{"start":{"line":45,"column":18},"end":{"line":45,"column":51}},"23":{"start":{"line":46,"column":17},"end":{"line":46,"column":35}},"24":{"start":{"line":48,"column":4},"end":{"line":48,"column":52}},"25":{"start":{"line":50,"column":4},"end":{"line":50,"column":16}},"26":{"start":{"line":53,"column":0},"end":{"line":53,"column":29}}},"fnMap":{"0":{"name":"(anonymous_0)","decl":{"start":{"line":2,"column":2},"end":{"line":2,"column":3}},"loc":{"start":{"line":2,"column":34},"end":{"line":5,"column":3}},"line":2},"1":{"name":"(anonymous_1)","decl":{"start":{"line":7,"column":2},"end":{"line":7,"column":3}},"loc":{"start":{"line":7,"column":11},"end":{"line":19,"column":3}},"line":7},"2":{"name":"(anonymous_2)","decl":{"start":{"line":10,"column":27},"end":{"line":10,"column":28}},"loc":{"start":{"line":10,"column":35},"end":{"line":10,"column":54}},"line":10},"3":{"name":"(anonymous_3)","decl":{"start":{"line":14,"column":56},"end":{"line":14,"column":57}},"loc":{"start":{"line":14,"column":67},"end":{"line":14,"column":78}},"line":14},"4":{"name":"(anonymous_4)","decl":{"start":{"line":21,"column":2},"end":{"line":21,"column":3}},"loc":{"start":{"line":21,"column":9},"end":{"line":30,"column":3}},"line":21},"5":{"name":"(anonymous_5)","decl":{"start":{"line":32,"column":2},"end":{"line":32,"column":3}},"loc":{"start":{"line":32,"column":16},"end":{"line":41,"column":3}},"line":32},"6":{"name":"(anonymous_6)","decl":{"start":{"line":43,"column":2},"end":{"line":43,"column":3}},"loc":{"start":{"line":43,"column":13},"end":{"line":51,"column":3}},"line":43}},"branchMap":{"0":{"loc":{"start":{"line":22,"column":4},"end":{"line":27,"column":5}},"type":"if","locations":[{"start":{"line":22,"column":4},"end":{"line":27,"column":5}},{"start":{"line":25,"column":11},"end":{"line":27,"column":5}}],"line":22},"1":{"loc":{"start":{"line":33,"column":4},"end":{"line":38,"column":5}},"type":"if","locations":[{"start":{"line":33,"column":4},"end":{"line":38,"column":5}},{"start":{"line":36,"column":11},"end":{"line":38,"column":5}}],"line":33},"2":{"loc":{"start":{"line":44,"column":17},"end":{"line":44,"column":47}},"type":"binary-expr","locations":[{"start":{"line":44,"column":17},"end":{"line":44,"column":42}},{"start":{"line":44,"column":46},"end":{"line":44,"column":47}}],"line":44},"3":{"loc":{"start":{"line":45,"column":18},"end":{"line":45,"column":51}},"type":"binary-expr","locations":[{"start":{"line":45,"column":18},"end":{"line":45,"column":44}},{"start":{"line":45,"column":48},"end":{"line":45,"column":51}}],"line":45}},"s":{"0":0,"1":0,"2":0,"3":0,"4":0,"5":0,"6":0,"7":0,"8":0,"9":0,"10":0,"11":0,"12":0,"13":0,"14":0,"15":0,"16":0,"17":0,"18":0,"19":0,"20":0,"21":0,"22":0,"23":0,"24":0,"25":0,"26":1},"f":{"0":0,"1":0,"2":0,"3":0,"4":0,"5":0,"6":0},"b":{"0":[0,0],"1":[0,0],"2":[0,0],"3":[0,0]},"_coverageSchema":"1a1c01bbd47fc00a2c39e90264f33305004495a9","hash":"5f6d07e9de6b5094bd6c446876202d9112f9be1b"}
,"C:\\Users\\Allen\\Desktop\\A-card\\utils\\appError.js": {"path":"C:\\Users\\Allen\\Desktop\\A-card\\utils\\appError.js","statementMap":{"0":{"start":{"line":3,"column":4},"end":{"line":3,"column":19}},"1":{"start":{"line":4,"column":4},"end":{"line":4,"column":33}},"2":{"start":{"line":5,"column":4},"end":{"line":5,"column":69}},"3":{"start":{"line":7,"column":4},"end":{"line":7,"column":30}},"4":{"start":{"line":9,"column":4},"end":{"line":9,"column":51}},"5":{"start":{"line":13,"column":0},"end":{"line":13,"column":26}}},"fnMap":{"0":{"name":"(anonymous_0)","decl":{"start":{"line":2,"column":2},"end":{"line":2,"column":3}},"loc":{"start":{"line":2,"column":35},"end":{"line":10,"column":3}},"line":2}},"branchMap":{"0":{"loc":{"start":{"line":5,"column":18},"end":{"line":5,"column":68}},"type":"cond-expr","locations":[{"start":{"line":5,"column":52},"end":{"line":5,"column":58}},{"start":{"line":5,"column":61},"end":{"line":5,"column":68}}],"line":5}},"s":{"0":0,"1":0,"2":0,"3":0,"4":0,"5":1},"f":{"0":0},"b":{"0":[0,0]},"_coverageSchema":"1a1c01bbd47fc00a2c39e90264f33305004495a9","hash":"8d05ee19277d7fe1faf0d44de4b0d62aa39b483a"}
,"C:\\Users\\Allen\\Desktop\\A-card\\utils\\catchAsync.js": {"path":"C:\\Users\\Allen\\Desktop\\A-card\\utils\\catchAsync.js","statementMap":{"0":{"start":{"line":1,"column":0},"end":{"line":5,"column":2}},"1":{"start":{"line":2,"column":2},"end":{"line":4,"column":4}},"2":{"start":{"line":3,"column":4},"end":{"line":3,"column":35}}},"fnMap":{"0":{"name":"(anonymous_0)","decl":{"start":{"line":1,"column":17},"end":{"line":1,"column":18}},"loc":{"start":{"line":1,"column":23},"end":{"line":5,"column":1}},"line":1},"1":{"name":"(anonymous_1)","decl":{"start":{"line":2,"column":9},"end":{"line":2,"column":10}},"loc":{"start":{"line":2,"column":29},"end":{"line":4,"column":3}},"line":2}},"branchMap":{},"s":{"0":1,"1":0,"2":0},"f":{"0":0,"1":0},"b":{},"_coverageSchema":"1a1c01bbd47fc00a2c39e90264f33305004495a9","hash":"b19e35c1bae38766031e6c3a5326d892aa1bfe81"}
,"C:\\Users\\Allen\\Desktop\\A-card\\utils\\redis.js": {"path":"C:\\Users\\Allen\\Desktop\\A-card\\utils\\redis.js","statementMap":{"0":{"start":{"line":1,"column":14},"end":{"line":1,"column":30}},"1":{"start":{"line":2,"column":15},"end":{"line":2,"column":35}},"2":{"start":{"line":3,"column":0},"end":{"line":5,"column":3}},"3":{"start":{"line":4,"column":2},"end":{"line":4,"column":46}},"4":{"start":{"line":7,"column":23},"end":{"line":14,"column":1}},"5":{"start":{"line":8,"column":2},"end":{"line":13,"column":4}},"6":{"start":{"line":9,"column":4},"end":{"line":11,"column":5}},"7":{"start":{"line":10,"column":6},"end":{"line":10,"column":18}},"8":{"start":{"line":12,"column":4},"end":{"line":12,"column":18}},"9":{"start":{"line":16,"column":0},"end":{"line":64,"column":2}},"10":{"start":{"line":19,"column":4},"end":{"line":19,"column":23}},"11":{"start":{"line":20,"column":4},"end":{"line":20,"column":20}},"12":{"start":{"line":23,"column":4},"end":{"line":23,"column":65}},"13":{"start":{"line":23,"column":26},"end":{"line":23,"column":64}},"14":{"start":{"line":25,"column":4},"end":{"line":25,"column":65}},"15":{"start":{"line":25,"column":26},"end":{"line":25,"column":64}},"16":{"start":{"line":27,"column":4},"end":{"line":27,"column":74}},"17":{"start":{"line":27,"column":26},"end":{"line":27,"column":73}},"18":{"start":{"line":29,"column":4},"end":{"line":29,"column":67}},"19":{"start":{"line":29,"column":26},"end":{"line":29,"column":66}},"20":{"start":{"line":31,"column":4},"end":{"line":31,"column":74}},"21":{"start":{"line":31,"column":26},"end":{"line":31,"column":73}},"22":{"start":{"line":33,"column":4},"end":{"line":35,"column":5}},"23":{"start":{"line":34,"column":6},"end":{"line":34,"column":64}},"24":{"start":{"line":37,"column":4},"end":{"line":37,"column":71}},"25":{"start":{"line":37,"column":26},"end":{"line":37,"column":70}},"26":{"start":{"line":39,"column":4},"end":{"line":39,"column":78}},"27":{"start":{"line":39,"column":26},"end":{"line":39,"column":77}},"28":{"start":{"line":41,"column":4},"end":{"line":41,"column":64}},"29":{"start":{"line":41,"column":26},"end":{"line":41,"column":63}},"30":{"start":{"line":43,"column":4},"end":{"line":43,"column":68}},"31":{"start":{"line":43,"column":26},"end":{"line":43,"column":67}},"32":{"start":{"line":45,"column":4},"end":{"line":47,"column":5}},"33":{"start":{"line":46,"column":6},"end":{"line":46,"column":63}},"34":{"start":{"line":49,"column":4},"end":{"line":51,"column":5}},"35":{"start":{"line":50,"column":6},"end":{"line":50,"column":59}},"36":{"start":{"line":53,"column":4},"end":{"line":53,"column":78}},"37":{"start":{"line":53,"column":26},"end":{"line":53,"column":77}},"38":{"start":{"line":55,"column":4},"end":{"line":55,"column":72}},"39":{"start":{"line":55,"column":26},"end":{"line":55,"column":71}},"40":{"start":{"line":57,"column":4},"end":{"line":57,"column":72}},"41":{"start":{"line":57,"column":26},"end":{"line":57,"column":71}},"42":{"start":{"line":59,"column":4},"end":{"line":59,"column":76}},"43":{"start":{"line":59,"column":26},"end":{"line":59,"column":75}},"44":{"start":{"line":61,"column":4},"end":{"line":61,"column":69}},"45":{"start":{"line":61,"column":26},"end":{"line":61,"column":68}},"46":{"start":{"line":63,"column":4},"end":{"line":63,"column":71}},"47":{"start":{"line":63,"column":26},"end":{"line":63,"column":70}}},"fnMap":{"0":{"name":"(anonymous_0)","decl":{"start":{"line":3,"column":21},"end":{"line":3,"column":22}},"loc":{"start":{"line":3,"column":33},"end":{"line":5,"column":1}},"line":3},"1":{"name":"(anonymous_1)","decl":{"start":{"line":7,"column":23},"end":{"line":7,"column":24}},"loc":{"start":{"line":7,"column":44},"end":{"line":14,"column":1}},"line":7},"2":{"name":"(anonymous_2)","decl":{"start":{"line":8,"column":9},"end":{"line":8,"column":10}},"loc":{"start":{"line":8,"column":24},"end":{"line":13,"column":3}},"line":8},"3":{"name":"(anonymous_3)","decl":{"start":{"line":18,"column":8},"end":{"line":18,"column":9}},"loc":{"start":{"line":18,"column":20},"end":{"line":21,"column":3}},"line":18},"4":{"name":"(anonymous_4)","decl":{"start":{"line":22,"column":8},"end":{"line":22,"column":9}},"loc":{"start":{"line":23,"column":4},"end":{"line":23,"column":65}},"line":23},"5":{"name":"(anonymous_5)","decl":{"start":{"line":23,"column":16},"end":{"line":23,"column":17}},"loc":{"start":{"line":23,"column":26},"end":{"line":23,"column":64}},"line":23},"6":{"name":"(anonymous_6)","decl":{"start":{"line":24,"column":8},"end":{"line":24,"column":9}},"loc":{"start":{"line":25,"column":4},"end":{"line":25,"column":65}},"line":25},"7":{"name":"(anonymous_7)","decl":{"start":{"line":25,"column":16},"end":{"line":25,"column":17}},"loc":{"start":{"line":25,"column":26},"end":{"line":25,"column":64}},"line":25},"8":{"name":"(anonymous_8)","decl":{"start":{"line":26,"column":9},"end":{"line":26,"column":10}},"loc":{"start":{"line":27,"column":4},"end":{"line":27,"column":74}},"line":27},"9":{"name":"(anonymous_9)","decl":{"start":{"line":27,"column":16},"end":{"line":27,"column":17}},"loc":{"start":{"line":27,"column":26},"end":{"line":27,"column":73}},"line":27},"10":{"name":"(anonymous_10)","decl":{"start":{"line":28,"column":10},"end":{"line":28,"column":11}},"loc":{"start":{"line":29,"column":4},"end":{"line":29,"column":67}},"line":29},"11":{"name":"(anonymous_11)","decl":{"start":{"line":29,"column":16},"end":{"line":29,"column":17}},"loc":{"start":{"line":29,"column":26},"end":{"line":29,"column":66}},"line":29},"12":{"name":"(anonymous_12)","decl":{"start":{"line":30,"column":11},"end":{"line":30,"column":12}},"loc":{"start":{"line":31,"column":4},"end":{"line":31,"column":74}},"line":31},"13":{"name":"(anonymous_13)","decl":{"start":{"line":31,"column":16},"end":{"line":31,"column":17}},"loc":{"start":{"line":31,"column":26},"end":{"line":31,"column":73}},"line":31},"14":{"name":"(anonymous_14)","decl":{"start":{"line":32,"column":9},"end":{"line":32,"column":10}},"loc":{"start":{"line":33,"column":4},"end":{"line":35,"column":5}},"line":33},"15":{"name":"(anonymous_15)","decl":{"start":{"line":33,"column":16},"end":{"line":33,"column":17}},"loc":{"start":{"line":34,"column":6},"end":{"line":34,"column":64}},"line":34},"16":{"name":"(anonymous_16)","decl":{"start":{"line":36,"column":7},"end":{"line":36,"column":8}},"loc":{"start":{"line":37,"column":4},"end":{"line":37,"column":71}},"line":37},"17":{"name":"(anonymous_17)","decl":{"start":{"line":37,"column":16},"end":{"line":37,"column":17}},"loc":{"start":{"line":37,"column":26},"end":{"line":37,"column":70}},"line":37},"18":{"name":"(anonymous_18)","decl":{"start":{"line":38,"column":8},"end":{"line":38,"column":9}},"loc":{"start":{"line":39,"column":4},"end":{"line":39,"column":78}},"line":39},"19":{"name":"(anonymous_19)","decl":{"start":{"line":39,"column":16},"end":{"line":39,"column":17}},"loc":{"start":{"line":39,"column":26},"end":{"line":39,"column":77}},"line":39},"20":{"name":"(anonymous_20)","decl":{"start":{"line":40,"column":7},"end":{"line":40,"column":8}},"loc":{"start":{"line":41,"column":4},"end":{"line":41,"column":64}},"line":41},"21":{"name":"(anonymous_21)","decl":{"start":{"line":41,"column":16},"end":{"line":41,"column":17}},"loc":{"start":{"line":41,"column":26},"end":{"line":41,"column":63}},"line":41},"22":{"name":"(anonymous_22)","decl":{"start":{"line":42,"column":11},"end":{"line":42,"column":12}},"loc":{"start":{"line":43,"column":4},"end":{"line":43,"column":68}},"line":43},"23":{"name":"(anonymous_23)","decl":{"start":{"line":43,"column":16},"end":{"line":43,"column":17}},"loc":{"start":{"line":43,"column":26},"end":{"line":43,"column":67}},"line":43},"24":{"name":"(anonymous_24)","decl":{"start":{"line":44,"column":17},"end":{"line":44,"column":18}},"loc":{"start":{"line":45,"column":4},"end":{"line":47,"column":5}},"line":45},"25":{"name":"(anonymous_25)","decl":{"start":{"line":45,"column":16},"end":{"line":45,"column":17}},"loc":{"start":{"line":46,"column":6},"end":{"line":46,"column":63}},"line":46},"26":{"name":"(anonymous_26)","decl":{"start":{"line":48,"column":13},"end":{"line":48,"column":14}},"loc":{"start":{"line":49,"column":4},"end":{"line":51,"column":5}},"line":49},"27":{"name":"(anonymous_27)","decl":{"start":{"line":49,"column":16},"end":{"line":49,"column":17}},"loc":{"start":{"line":50,"column":6},"end":{"line":50,"column":59}},"line":50},"28":{"name":"(anonymous_28)","decl":{"start":{"line":52,"column":8},"end":{"line":52,"column":9}},"loc":{"start":{"line":53,"column":4},"end":{"line":53,"column":78}},"line":53},"29":{"name":"(anonymous_29)","decl":{"start":{"line":53,"column":16},"end":{"line":53,"column":17}},"loc":{"start":{"line":53,"column":26},"end":{"line":53,"column":77}},"line":53},"30":{"name":"(anonymous_30)","decl":{"start":{"line":54,"column":8},"end":{"line":54,"column":9}},"loc":{"start":{"line":55,"column":4},"end":{"line":55,"column":72}},"line":55},"31":{"name":"(anonymous_31)","decl":{"start":{"line":55,"column":16},"end":{"line":55,"column":17}},"loc":{"start":{"line":55,"column":26},"end":{"line":55,"column":71}},"line":55},"32":{"name":"(anonymous_32)","decl":{"start":{"line":56,"column":9},"end":{"line":56,"column":10}},"loc":{"start":{"line":57,"column":4},"end":{"line":57,"column":72}},"line":57},"33":{"name":"(anonymous_33)","decl":{"start":{"line":57,"column":16},"end":{"line":57,"column":17}},"loc":{"start":{"line":57,"column":26},"end":{"line":57,"column":71}},"line":57},"34":{"name":"(anonymous_34)","decl":{"start":{"line":58,"column":13},"end":{"line":58,"column":14}},"loc":{"start":{"line":59,"column":4},"end":{"line":59,"column":76}},"line":59},"35":{"name":"(anonymous_35)","decl":{"start":{"line":59,"column":16},"end":{"line":59,"column":17}},"loc":{"start":{"line":59,"column":26},"end":{"line":59,"column":75}},"line":59},"36":{"name":"(anonymous_36)","decl":{"start":{"line":60,"column":12},"end":{"line":60,"column":13}},"loc":{"start":{"line":61,"column":4},"end":{"line":61,"column":69}},"line":61},"37":{"name":"(anonymous_37)","decl":{"start":{"line":61,"column":16},"end":{"line":61,"column":17}},"loc":{"start":{"line":61,"column":26},"end":{"line":61,"column":68}},"line":61},"38":{"name":"(anonymous_38)","decl":{"start":{"line":62,"column":8},"end":{"line":62,"column":9}},"loc":{"start":{"line":63,"column":4},"end":{"line":63,"column":71}},"line":63},"39":{"name":"(anonymous_39)","decl":{"start":{"line":63,"column":16},"end":{"line":63,"column":17}},"loc":{"start":{"line":63,"column":26},"end":{"line":63,"column":70}},"line":63}},"branchMap":{"0":{"loc":{"start":{"line":9,"column":4},"end":{"line":11,"column":5}},"type":"if","locations":[{"start":{"line":9,"column":4},"end":{"line":11,"column":5}},{"start":{},"end":{}}],"line":9},"1":{"loc":{"start":{"line":22,"column":9},"end":{"line":22,"column":20}},"type":"default-arg","locations":[{"start":{"line":22,"column":15},"end":{"line":22,"column":20}}],"line":22},"2":{"loc":{"start":{"line":24,"column":9},"end":{"line":24,"column":20}},"type":"default-arg","locations":[{"start":{"line":24,"column":15},"end":{"line":24,"column":20}}],"line":24},"3":{"loc":{"start":{"line":26,"column":10},"end":{"line":26,"column":21}},"type":"default-arg","locations":[{"start":{"line":26,"column":16},"end":{"line":26,"column":21}}],"line":26},"4":{"loc":{"start":{"line":26,"column":23},"end":{"line":26,"column":34}},"type":"default-arg","locations":[{"start":{"line":26,"column":32},"end":{"line":26,"column":34}}],"line":26},"5":{"loc":{"start":{"line":28,"column":11},"end":{"line":28,"column":22}},"type":"default-arg","locations":[{"start":{"line":28,"column":17},"end":{"line":28,"column":22}}],"line":28},"6":{"loc":{"start":{"line":30,"column":12},"end":{"line":30,"column":23}},"type":"default-arg","locations":[{"start":{"line":30,"column":18},"end":{"line":30,"column":23}}],"line":30},"7":{"loc":{"start":{"line":30,"column":25},"end":{"line":30,"column":34}},"type":"default-arg","locations":[{"start":{"line":30,"column":32},"end":{"line":30,"column":34}}],"line":30},"8":{"loc":{"start":{"line":32,"column":10},"end":{"line":32,"column":21}},"type":"default-arg","locations":[{"start":{"line":32,"column":16},"end":{"line":32,"column":21}}],"line":32},"9":{"loc":{"start":{"line":36,"column":8},"end":{"line":36,"column":19}},"type":"default-arg","locations":[{"start":{"line":36,"column":14},"end":{"line":36,"column":19}}],"line":36},"10":{"loc":{"start":{"line":38,"column":9},"end":{"line":38,"column":20}},"type":"default-arg","locations":[{"start":{"line":38,"column":15},"end":{"line":38,"column":20}}],"line":38},"11":{"loc":{"start":{"line":38,"column":22},"end":{"line":38,"column":31}},"type":"default-arg","locations":[{"start":{"line":38,"column":29},"end":{"line":38,"column":31}}],"line":38},"12":{"loc":{"start":{"line":40,"column":8},"end":{"line":40,"column":19}},"type":"default-arg","locations":[{"start":{"line":40,"column":14},"end":{"line":40,"column":19}}],"line":40},"13":{"loc":{"start":{"line":42,"column":12},"end":{"line":42,"column":23}},"type":"default-arg","locations":[{"start":{"line":42,"column":18},"end":{"line":42,"column":23}}],"line":42},"14":{"loc":{"start":{"line":44,"column":18},"end":{"line":44,"column":29}},"type":"default-arg","locations":[{"start":{"line":44,"column":24},"end":{"line":44,"column":29}}],"line":44},"15":{"loc":{"start":{"line":44,"column":31},"end":{"line":44,"column":38}},"type":"default-arg","locations":[{"start":{"line":44,"column":37},"end":{"line":44,"column":38}}],"line":44},"16":{"loc":{"start":{"line":44,"column":40},"end":{"line":44,"column":47}},"type":"default-arg","locations":[{"start":{"line":44,"column":46},"end":{"line":44,"column":47}}],"line":44},"17":{"loc":{"start":{"line":48,"column":14},"end":{"line":48,"column":25}},"type":"default-arg","locations":[{"start":{"line":48,"column":20},"end":{"line":48,"column":25}}],"line":48},"18":{"loc":{"start":{"line":48,"column":27},"end":{"line":48,"column":34}},"type":"default-arg","locations":[{"start":{"line":48,"column":33},"end":{"line":48,"column":34}}],"line":48},"19":{"loc":{"start":{"line":48,"column":36},"end":{"line":48,"column":43}},"type":"default-arg","locations":[{"start":{"line":48,"column":42},"end":{"line":48,"column":43}}],"line":48},"20":{"loc":{"start":{"line":52,"column":9},"end":{"line":52,"column":20}},"type":"default-arg","locations":[{"start":{"line":52,"column":15},"end":{"line":52,"column":20}}],"line":52},"21":{"loc":{"start":{"line":52,"column":22},"end":{"line":52,"column":31}},"type":"default-arg","locations":[{"start":{"line":52,"column":29},"end":{"line":52,"column":31}}],"line":52},"22":{"loc":{"start":{"line":54,"column":9},"end":{"line":54,"column":20}},"type":"default-arg","locations":[{"start":{"line":54,"column":15},"end":{"line":54,"column":20}}],"line":54},"23":{"loc":{"start":{"line":56,"column":10},"end":{"line":56,"column":21}},"type":"default-arg","locations":[{"start":{"line":56,"column":16},"end":{"line":56,"column":21}}],"line":56},"24":{"loc":{"start":{"line":56,"column":23},"end":{"line":56,"column":32}},"type":"default-arg","locations":[{"start":{"line":56,"column":30},"end":{"line":56,"column":32}}],"line":56},"25":{"loc":{"start":{"line":58,"column":14},"end":{"line":58,"column":25}},"type":"default-arg","locations":[{"start":{"line":58,"column":20},"end":{"line":58,"column":25}}],"line":58},"26":{"loc":{"start":{"line":58,"column":27},"end":{"line":58,"column":36}},"type":"default-arg","locations":[{"start":{"line":58,"column":34},"end":{"line":58,"column":36}}],"line":58},"27":{"loc":{"start":{"line":60,"column":13},"end":{"line":60,"column":24}},"type":"default-arg","locations":[{"start":{"line":60,"column":19},"end":{"line":60,"column":24}}],"line":60},"28":{"loc":{"start":{"line":62,"column":9},"end":{"line":62,"column":20}},"type":"default-arg","locations":[{"start":{"line":62,"column":15},"end":{"line":62,"column":20}}],"line":62},"29":{"loc":{"start":{"line":62,"column":22},"end":{"line":62,"column":31}},"type":"default-arg","locations":[{"start":{"line":62,"column":29},"end":{"line":62,"column":31}}],"line":62}},"s":{"0":1,"1":1,"2":1,"3":0,"4":1,"5":0,"6":0,"7":0,"8":0,"9":1,"10":0,"11":0,"12":0,"13":0,"14":0,"15":0,"16":0,"17":0,"18":0,"19":0,"20":0,"21":0,"22":0,"23":0,"24":0,"25":0,"26":0,"27":0,"28":0,"29":0,"30":0,"31":0,"32":0,"33":0,"34":0,"35":0,"36":0,"37":0,"38":0,"39":0,"40":0,"41":0,"42":0,"43":0,"44":0,"45":0,"46":0,"47":0},"f":{"0":0,"1":0,"2":0,"3":0,"4":0,"5":0,"6":0,"7":0,"8":0,"9":0,"10":0,"11":0,"12":0,"13":0,"14":0,"15":0,"16":0,"17":0,"18":0,"19":0,"20":0,"21":0,"22":0,"23":0,"24":0,"25":0,"26":0,"27":0,"28":0,"29":0,"30":0,"31":0,"32":0,"33":0,"34":0,"35":0,"36":0,"37":0,"38":0,"39":0},"b":{"0":[0,0],"1":[0],"2":[0],"3":[0],"4":[0],"5":[0],"6":[0],"7":[0],"8":[0],"9":[0],"10":[0],"11":[0],"12":[0],"13":[0],"14":[0],"15":[0],"16":[0],"17":[0],"18":[0],"19":[0],"20":[0],"21":[0],"22":[0],"23":[0],"24":[0],"25":[0],"26":[0],"27":[0],"28":[0],"29":[0]},"_coverageSchema":"1a1c01bbd47fc00a2c39e90264f33305004495a9","hash":"75502b22f7612fa0a38a5a0030f4e1ac488fbca0"}
}
